<?xml version="1.0" encoding="UTF-8"?>
<!-- Generated by org.testng.reporters.JUnitXMLReporter -->
<testsuite hostname="dt22" ignored="0" name="Updateparameter" tests="4" failures="1" timestamp="15 Sep 2020 05:36:19 GMT" time="39.872" errors="0">
  <testcase name="ExcelParameter" time="0.197" classname="TestScripts.UpdateParameter"/>
  <testcase name="ReadLogin" time="4.066" classname="Common.loginbase"/>
  <testcase name="validateParameter" time="6.579" classname="TestScripts.UpdateParameter">
    <failure type="java.lang.AssertionError" message="Parameter Name is not matching expected [TSTParameter01A] but found [TSTParameter]">
      <![CDATA[java.lang.AssertionError: Parameter Name is not matching expected [TSTParameter01A] but found [TSTParameter]
at TestScripts.UpdateParameter.validateParameter(UpdateParameter.java:167)
... Removed 29 stack frames]]>
    </failure>
  </testcase> <!-- validateParameter -->
  <testcase name="updateParameter" time="9.797" classname="TestScripts.UpdateParameter"/>
</testsuite> <!-- Updateparameter -->
